2025-07-22 21:07:22,430 - INFO - Cleaned files will be saved in: E:\Raw RL Esports Replays\Day 3 Swiss Stage\Round 1\dataset_cleaned_v2
2025-07-22 21:07:22,430 - INFO - Starting cleaning process. Will remove 1 faulty replay(s)...
2025-07-22 21:07:22,430 - INFO - Processing chunk: dataset_chunk_01.csv
2025-07-22 21:07:22,462 - INFO -   -> Chunk is clean. Copying file directly.
2025-07-22 21:07:22,678 - INFO - Processing chunk: dataset_chunk_02.csv
2025-07-22 21:07:22,706 - INFO -   -> Chunk is clean. Copying file directly.
2025-07-22 21:07:22,902 - INFO - Processing chunk: dataset_chunk_03.csv
2025-07-22 21:07:22,931 - INFO -   -> Chunk is clean. Copying file directly.
2025-07-22 21:07:23,086 - INFO - Processing chunk: dataset_chunk_04.csv
2025-07-22 21:07:23,115 - INFO -   -> Chunk is clean. Copying file directly.
2025-07-22 21:07:23,270 - INFO - Processing chunk: dataset_chunk_05.csv
2025-07-22 21:07:23,299 - INFO -   -> Chunk is clean. Copying file directly.
2025-07-22 21:07:23,456 - INFO - Processing chunk: dataset_chunk_06.csv
2025-07-22 21:07:23,487 - INFO -   -> Chunk is clean. Copying file directly.
2025-07-22 21:07:23,657 - INFO - Processing chunk: dataset_chunk_07.csv
2025-07-22 21:07:23,687 - INFO -   -> Chunk is clean. Copying file directly.
2025-07-22 21:07:23,843 - INFO - Processing chunk: dataset_chunk_08.csv
2025-07-22 21:07:23,872 - INFO -   -> Chunk is clean. Copying file directly.
2025-07-22 21:07:24,027 - INFO - Processing chunk: dataset_chunk_09.csv
2025-07-22 21:07:24,056 - INFO -   -> Chunk is clean. Copying file directly.
2025-07-22 21:07:24,211 - INFO - Processing chunk: dataset_chunk_10.csv
2025-07-22 21:07:24,239 - INFO -   -> Chunk is clean. Copying file directly.
2025-07-22 21:07:24,393 - INFO - --- Cleaning Complete ---
2025-07-22 21:07:24,393 - INFO - Total rows before cleaning: 54,919
2025-07-22 21:07:24,393 - INFO - Total rows after cleaning:  54,919
2025-07-22 21:07:24,393 - INFO - Total rows removed:         0
